2024-12-27 01:16:19.406  INFO 33020 --- [main] (system) c.example.MyProjectBackendApplication    : Starting MyProjectBackendApplication using Java 23.0.1 with PID 33020 (C:\Users\13931\Desktop\SpringBoot-Vue-Template-Jwt-main\my-project-backend\target\classes started by 13931 in C:\Users\13931\Desktop\SpringBoot-Vue-Template-Jwt-main\my-project-backend)
2024-12-27 01:16:19.407  INFO 33020 --- [main] (system) c.example.MyProjectBackendApplication    : The following 1 profile is active: "dev"
2024-12-27 01:16:20.499  INFO 33020 --- [main] (system) .s.d.r.c.RepositoryConfigurationDelegate : Multiple Spring Data modules found, entering strict repository configuration mode
2024-12-27 01:16:20.504  INFO 33020 --- [main] (system) .s.d.r.c.RepositoryConfigurationDelegate : Bootstrapping Spring Data Redis repositories in DEFAULT mode.
2024-12-27 01:16:20.538  INFO 33020 --- [main] (system) .s.d.r.c.RepositoryConfigurationDelegate : Finished Spring Data repository scanning in 13 ms. Found 0 Redis repository interfaces.
2024-12-27 01:16:22.338  INFO 33020 --- [main] (system) o.s.b.w.embedded.tomcat.TomcatWebServer  : Tomcat initialized with port 8085 (http)
2024-12-27 01:16:22.370  INFO 33020 --- [main] (system) o.apache.catalina.core.StandardService   : Starting service [Tomcat]
2024-12-27 01:16:22.370  INFO 33020 --- [main] (system) o.apache.catalina.core.StandardEngine    : Starting Servlet engine: [Apache Tomcat/10.1.34]
2024-12-27 01:16:22.526  INFO 33020 --- [main] (system) o.a.c.c.C.[Tomcat].[localhost].[/]       : Initializing Spring embedded WebApplicationContext
2024-12-27 01:16:22.526  INFO 33020 --- [main] (system) w.s.c.ServletWebServerApplicationContext : Root WebApplicationContext: initialization completed in 3068 ms
2024-12-27 01:16:25.336  INFO 33020 --- [main] (system) r$InitializeUserDetailsManagerConfigurer : Global AuthenticationManager configured with UserDetailsService bean with name accountServiceImpl
2024-12-27 01:16:27.708  INFO 33020 --- [main] (system) o.s.b.w.embedded.tomcat.TomcatWebServer  : Tomcat started on port 8085 (http) with context path '/'
2024-12-27 01:16:27.716  INFO 33020 --- [main] (system) o.s.a.r.c.CachingConnectionFactory       : Attempting to connect to: [localhost:5672]
2024-12-27 01:16:27.941  INFO 33020 --- [main] (system) o.s.a.r.c.CachingConnectionFactory       : Created new connection: rabbitConnectionFactory#b9b97ad:0/SimpleConnection@33a7331 [delegate=amqp://admin@127.0.0.1:5672/, localPort=64380]
2024-12-27 01:16:28.166  INFO 33020 --- [main] (system) c.example.MyProjectBackendApplication    : Started MyProjectBackendApplication in 9.472 seconds (process running for 17.611)
2024-12-27 01:16:54.103  INFO 33020 --- [http-nio-8085-exec-1] (system) o.a.c.c.C.[Tomcat].[localhost].[/]       : Initializing Spring DispatcherServlet 'dispatcherServlet'
2024-12-27 01:16:54.103  INFO 33020 --- [http-nio-8085-exec-1] (system) o.s.web.servlet.DispatcherServlet        : Initializing Servlet 'dispatcherServlet'
2024-12-27 01:16:54.106  INFO 33020 --- [http-nio-8085-exec-1] (system) o.s.web.servlet.DispatcherServlet        : Completed initialization in 3 ms
2024-12-27 01:16:55.130  INFO 33020 --- [http-nio-8085-exec-9] (system) o.springdoc.api.AbstractOpenApiResource  : Init duration for springdoc-openapi is: 424 ms
2024-12-27 01:36:10.106  INFO 33020 --- [http-nio-8085-exec-8] (185164512171790336) com.example.filter.RequestLogFilter      : 请求URL: "/api/auth/ask-code" (OPTIONS) | 远程IP地址: 0:0:0:0:0:0:0:1 │ 身份: 未验证 | 请求参数列表: {"email":"2250764@tongji.edu.cn","type":"register"}
2024-12-27 01:36:10.179  INFO 33020 --- [http-nio-8085-exec-8] (185164512171790336) com.example.filter.RequestLogFilter      : 请求处理耗时: 85ms | 响应结果: 
2024-12-27 01:36:10.271  INFO 33020 --- [http-nio-8085-exec-7] (185164512909987840) com.example.filter.RequestLogFilter      : 请求URL: "/api/auth/ask-code" (GET) | 远程IP地址: 0:0:0:0:0:0:0:1 │ 身份: 未验证 | 请求参数列表: {"email":"2250764@tongji.edu.cn","type":"register"}
2024-12-27 01:36:10.731  INFO 33020 --- [http-nio-8085-exec-7] (185164512909987840) com.example.filter.RequestLogFilter      : 请求处理耗时: 459ms | 响应结果: {"id":185164512909987840,"code":200,"data":null,"message":"请求成功"}
2024-12-27 01:37:32.241  INFO 33020 --- [http-nio-8085-exec-1] (185164856721281024) com.example.filter.RequestLogFilter      : 请求URL: "/api/auth/ask-code" (OPTIONS) | 远程IP地址: 0:0:0:0:0:0:0:1 │ 身份: 未验证 | 请求参数列表: {"email":"2250764@tongji.edu.cn","type":"register"}
2024-12-27 01:37:32.245  INFO 33020 --- [http-nio-8085-exec-1] (185164856721281024) com.example.filter.RequestLogFilter      : 请求处理耗时: 4ms | 响应结果: 
2024-12-27 01:37:32.254  INFO 33020 --- [http-nio-8085-exec-5] (185164856775806976) com.example.filter.RequestLogFilter      : 请求URL: "/api/auth/ask-code" (GET) | 远程IP地址: 0:0:0:0:0:0:0:1 │ 身份: 未验证 | 请求参数列表: {"email":"2250764@tongji.edu.cn","type":"register"}
2024-12-27 01:37:32.274  INFO 33020 --- [http-nio-8085-exec-5] (185164856775806976) com.example.filter.RequestLogFilter      : 请求处理耗时: 20ms | 响应结果: {"id":185164856775806976,"code":200,"data":null,"message":"请求成功"}
2024-12-27 01:39:10.881  INFO 33020 --- [http-nio-8085-exec-3] (185165270447427584) com.example.filter.RequestLogFilter      : 请求URL: "/api/auth/ask-code" (OPTIONS) | 远程IP地址: 0:0:0:0:0:0:0:1 │ 身份: 未验证 | 请求参数列表: {"email":"2250764@tongji.edu.cn","type":"register"}
2024-12-27 01:39:10.884  INFO 33020 --- [http-nio-8085-exec-3] (185165270447427584) com.example.filter.RequestLogFilter      : 请求处理耗时: 3ms | 响应结果: 
2024-12-27 01:39:10.892  INFO 33020 --- [http-nio-8085-exec-2] (185165270493564928) com.example.filter.RequestLogFilter      : 请求URL: "/api/auth/ask-code" (GET) | 远程IP地址: 0:0:0:0:0:0:0:1 │ 身份: 未验证 | 请求参数列表: {"email":"2250764@tongji.edu.cn","type":"register"}
2024-12-27 01:39:10.909  INFO 33020 --- [http-nio-8085-exec-2] (185165270493564928) com.example.filter.RequestLogFilter      : 请求处理耗时: 17ms | 响应结果: {"id":185165270493564928,"code":200,"data":null,"message":"请求成功"}
2024-12-27 01:39:31.508  INFO 33020 --- [http-nio-8085-exec-6] (185165356963336192) com.example.filter.RequestLogFilter      : 请求URL: "/api/auth/register" (OPTIONS) | 远程IP地址: 0:0:0:0:0:0:0:1 │ 身份: 未验证 | 请求参数列表: {}
2024-12-27 01:39:31.510  INFO 33020 --- [http-nio-8085-exec-6] (185165356963336192) com.example.filter.RequestLogFilter      : 请求处理耗时: 2ms | 响应结果: 
2024-12-27 01:39:31.515  INFO 33020 --- [http-nio-8085-exec-8] (185165356992696320) com.example.filter.RequestLogFilter      : 请求URL: "/api/auth/register" (POST) | 远程IP地址: 0:0:0:0:0:0:0:1 │ 身份: 未验证 | 请求参数列表: {}
2024-12-27 01:39:31.975  INFO 33020 --- [http-nio-8085-exec-8] (185165356992696320) com.zaxxer.hikari.HikariDataSource       : HikariPool-1 - Starting...
2024-12-27 01:39:32.523  INFO 33020 --- [http-nio-8085-exec-8] (185165356992696320) com.zaxxer.hikari.pool.HikariPool        : HikariPool-1 - Added connection com.mysql.cj.jdbc.ConnectionImpl@4705c01
2024-12-27 01:39:32.528  INFO 33020 --- [http-nio-8085-exec-8] (185165356992696320) com.zaxxer.hikari.HikariDataSource       : HikariPool-1 - Start completed.
2024-12-27 01:39:32.860  INFO 33020 --- [http-nio-8085-exec-8] (185165356992696320) com.example.filter.RequestLogFilter      : 请求处理耗时: 1345ms | 响应结果: {"id":185165356992696320,"code":200,"data":null,"message":"请求成功"}
2024-12-27 01:39:39.776  INFO 33020 --- [http-nio-8085-exec-9] (185165391641841664) com.example.filter.RequestLogFilter      : 请求URL: "/api/auth/login" (POST) | 远程IP地址: 0:0:0:0:0:0:0:1 │ 身份: 未验证 | 请求参数列表: {"username":"nnuu11","password":"111111"}
2024-12-27 01:39:40.258  INFO 33020 --- [http-nio-8085-exec-9] (185165391641841664) com.example.filter.RequestLogFilter      : 请求处理耗时: 482ms | 响应结果: {"code":200,"data":{"expire":"2024-12-30 01:39:40.242","role":"user","token":"eyJ0eXAiOiJKV1QiLCJhbGciOiJIUzI1NiJ9.eyJuYW1lIjoibm51dTExIiwiaWQiOjUsImV4cCI6MTczNTQ5Mzk4MCwiaWF0IjoxNzM1MjM0NzgwLCJqdGkiOiIzNzM4ZWVhOC05MDlmLTQ2NzAtOWM4MC02YjQxMjhiZjJjOGMiLCJhdXRob3JpdGllcyI6WyJST0xFX3VzZXIiXX0._Ksnr6rrs9oyxiiKSStHLCMbX1M_maTuhP-hWilVuyc","username":"nnuu11"},"id":185165391641841664,"message":"请求成功"}
2024-12-27 01:40:28.161  INFO 33020 --- [http-nio-8085-exec-5] (185165594583240704) com.example.filter.RequestLogFilter      : 请求URL: "/api/auth/logout" (OPTIONS) | 远程IP地址: 0:0:0:0:0:0:0:1 │ 身份: 未验证 | 请求参数列表: {}
2024-12-27 01:40:28.164  INFO 33020 --- [http-nio-8085-exec-5] (185165594583240704) com.example.filter.RequestLogFilter      : 请求处理耗时: 3ms | 响应结果: 
2024-12-27 11:08:57.749  WARN 33020 --- [HikariPool-1 housekeeper] (system) com.zaxxer.hikari.pool.HikariPool        : HikariPool-1 - Thread starvation or clock leap detected (housekeeper delta=9h4m51s268ms744µs700ns).
2024-12-27 11:28:38.789  WARN 33020 --- [HikariPool-1 housekeeper] (system) com.zaxxer.hikari.pool.HikariPool        : HikariPool-1 - Thread starvation or clock leap detected (housekeeper delta=17m40s863ms189µs900ns).
2024-12-27 12:59:44.445  WARN 33020 --- [HikariPool-1 housekeeper] (system) com.zaxxer.hikari.pool.HikariPool        : HikariPool-1 - Thread starvation or clock leap detected (housekeeper delta=4m2s973ms660µs).
2024-12-27 15:06:47.580  WARN 33020 --- [HikariPool-1 housekeeper] (system) com.zaxxer.hikari.pool.HikariPool        : HikariPool-1 - Thread starvation or clock leap detected (housekeeper delta=1h53m32s637ms837µs400ns).
